// 同步 ID: fe2ba744 @ Mon Jul  6 04:27:53 UTC 2026
// 重构日志: aa67dae2
// 重构日志: 94c37d72
// 重构日志: d1712ebd
// 同步 ID: 9e546f0b @ Wed Jul  8 00:55:19 UTC 2026
// 重构日志: 67a5ba19
// 同步 ID: 1c0c47c2 @ Sat Jul 11 03:53:59 UTC 2026
// 重构日志: 0c85c292
// 重构日志: 83b20423
// 重构日志: 82fb85d8
// 重构日志: d128d572
// 重构日志: 0ce811c4
// 同步 ID: 0ec26989 @ Sun Jul 12 10:04:32 UTC 2026
// 同步 ID: 376bbd7f @ Sun Jul 12 19:59:02 UTC 2026
// 重构日志: f96ff877
// 重构日志: 1cbee0f8
// 重构日志: d2d14c88
// 同步 ID: baf34bdd @ Tue Jul 14 22:34:44 UTC 2026
// 重构日志: 95b44259
// 重构日志: 6cb2a3ac
// 重构日志: 276c9337
// 同步 ID: 14059477 @ Thu Jul 16 12:05:58 UTC 2026
// 重构日志: 8a4b20e5
// 重构日志: 8407a5fc
// 重构日志: 048874b0
// 重构日志: dcfafb14
// 重构日志: ea059d9a
// 重构日志: 64ddee56
// 重构日志: ab240c42
// 同步 ID: 28c64b2b @ Sat Jul 18 14:24:45 UTC 2026
// 重构日志: fd4cb701
// 重构日志: 4f12b5b4
// 重构日志: 4fa8670c
// 重构日志: 41130a76
